Using pre-set license
Built from '2020.2/release' branch; Version is '2020.2.2f1 (068178b99f32) revision 426360'; Using compiler version '192528614'; Build Type 'Release'
OS: 'Windows 10 Home; OS build 19042.1288; Version 2009; 64bit' Language: 'en' Physical Memory: 16333 MB
BatchMode: 1, IsHumanControllingUs: 0, StartBugReporterOnCrash: 0, Is64bit: 1, IsPro: 0

 COMMAND LINE ARGUMENTS:
C:\Program Files\Unity\Hub\Editor\2020.2.2f1\Editor\Unity.exe
-adb2
-batchMode
-noUpm
-name
AssetImportWorker0
-projectPath
C:/Users/dog/Desktop/GDW/COLORS/COLORS
-logFile
Logs/AssetImportWorker0.log
-srvPort
57051
Successfully changed project path to: C:/Users/dog/Desktop/GDW/COLORS/COLORS
C:/Users/dog/Desktop/GDW/COLORS/COLORS
Using Asset Import Pipeline V2.
Refreshing native plugins compatible for Editor in 33.39 ms, found 0 plugins.
Preloading 0 native plugins for Editor in 0.00 ms.
Initialize engine version: 2020.2.2f1 (068178b99f32)
[Subsystems] Discovering subsystems at path C:/Program Files/Unity/Hub/Editor/2020.2.2f1/Editor/Data/Resources/UnitySubsystems
[Subsystems] Discovering subsystems at path C:/Users/dog/Desktop/GDW/COLORS/COLORS/Assets
GfxDevice: creating device client; threaded=0
Direct3D:
    Version:  Direct3D 11.0 [level 11.1]
    Renderer: NVIDIA GeForce RTX 2060 SUPER (ID=0x1f06)
    Vendor:   
    VRAM:     8031 MB
    Driver:   27.21.14.6140
Initialize mono
Mono path[0] = 'C:/Program Files/Unity/Hub/Editor/2020.2.2f1/Editor/Data/Managed'
Mono path[1] = 'C:/Program Files/Unity/Hub/Editor/2020.2.2f1/Editor/Data/MonoBleedingEdge/lib/mono/unityjit'
Mono config path = 'C:/Program Files/Unity/Hub/Editor/2020.2.2f1/Editor/Data/MonoBleedingEdge/etc'
Using monoOptions --debugger-agent=transport=dt_socket,embedding=1,server=y,suspend=n,address=127.0.0.1:56552
Begin MonoManager ReloadAssembly
Registering precompiled unity dll's ...
Register platform support module: C:/Program Files/Unity/Hub/Editor/2020.2.2f1/Editor/Data/PlaybackEngines/WebGLSupport/UnityEditor.WebGL.Extensions.dll
Register platform support module: C:/Program Files/Unity/Hub/Editor/2020.2.2f1/Editor/Data/PlaybackEngines/WindowsStandaloneSupport/UnityEditor.WindowsStandalone.Extensions.dll
Registered in 0.001845 seconds.
Native extension for WindowsStandalone target not found
Native extension for WebGL target not found
Refreshing native plugins compatible for Editor in 30.39 ms, found 0 plugins.
Preloading 0 native plugins for Editor in 0.00 ms.
Invoked RoslynAnalysisRunner static constructor.
RoslynAnalysisRunner will not be running.
RoslynAnalysisRunner has terminated.
Mono: successfully reloaded assembly
- Completed reload, in  0.867 seconds
Platform modules already initialized, skipping
Registering precompiled user dll's ...
Registered in 0.000545 seconds.
Begin MonoManager ReloadAssembly
Native extension for WindowsStandalone target not found
Native extension for WebGL target not found
Refreshing native plugins compatible for Editor in 0.39 ms, found 0 plugins.
Preloading 0 native plugins for Editor in 0.00 ms.
Invoked RoslynAnalysisRunner static constructor.
RoslynAnalysisRunner will not be running.
RoslynAnalysisRunner has terminated.
Mono: successfully reloaded assembly
- Completed reload, in  0.716 seconds
Platform modules already initialized, skipping
========================================================================
Worker process is ready to serve import requests
Launched and connected shader compiler UnityShaderCompiler.exe after 0.04 seconds
Refreshing native plugins compatible for Editor in 0.38 ms, found 0 plugins.
Preloading 0 native plugins for Editor in 0.00 ms.
Unloading 1571 Unused Serialized files (Serialized files now loaded: 0)
System memory in use before: 151.8 MB.
System memory in use after: 151.8 MB.

Unloading 72 unused Assets to reduce memory usage. Loaded Objects now: 2016.
Total: 2.494700 ms (FindLiveObjects: 0.209500 ms CreateObjectMapping: 0.046600 ms MarkObjects: 1.984700 ms  DeleteObjects: 0.252800 ms)

========================================================================
Received Import Request.
  path: Assets/Scenes/TEST 1.unity
  artifactKey: Guid(09502b639a57f624a89aa8b19d09b456) Importer(815301076,1909f56bfc062723c751e8b465ee728b)
Start importing Assets/Scenes/TEST 1.unity using Guid(09502b639a57f624a89aa8b19d09b456) Importer(815301076,1909f56bfc062723c751e8b465ee728b)  -> (artifact id: '25c3754b79b6ca6fa165d639c2a2b4dd') in 0.010503 seconds
  Import took 0.012931 seconds .

========================================================================
Received Import Request.
  Time since last request: 162.291617 seconds.
  path: Assets/Scenes/FINAL.unity
  artifactKey: Guid(31e88e9ac2d1e1543a037709d3f78a69) Importer(815301076,1909f56bfc062723c751e8b465ee728b)
Start importing Assets/Scenes/FINAL.unity using Guid(31e88e9ac2d1e1543a037709d3f78a69) Importer(815301076,1909f56bfc062723c751e8b465ee728b)  -> (artifact id: '49964db957cb18daac7d4d8681c7c561') in 0.007828 seconds
  Import took 0.010647 seconds .

========================================================================
Received Prepare
Registering precompiled user dll's ...
Registered in 0.000594 seconds.
Begin MonoManager ReloadAssembly
Native extension for WindowsStandalone target not found
Native extension for WebGL target not found
Refreshing native plugins compatible for Editor in 0.40 ms, found 0 plugins.
Preloading 0 native plugins for Editor in 0.00 ms.
Warning: Annotation not found!
UnityEngine.StackTraceUtility:ExtractStackTrace ()
UnityEditor.ProBuilder.EditorUtility:SetGizmoIconEnabled (System.Type,bool) (at Library/PackageCache/com.unity.probuilder@4.4.0/Editor/EditorCore/EditorUtility.cs:593)
UnityEditor.ProBuilder.HierarchyListener:.cctor () (at Library/PackageCache/com.unity.probuilder@4.4.0/Editor/EditorCore/HierarchyListener.cs:21)
System.Runtime.CompilerServices.RuntimeHelpers:RunClassConstructor (System.RuntimeTypeHandle)
UnityEditor.EditorAssemblies:ProcessInitializeOnLoadAttributes (System.Type[])

[Library/PackageCache/com.unity.probuilder@4.4.0/Editor/EditorCore/EditorUtility.cs line 593]

Invoked RoslynAnalysisRunner static constructor.
RoslynAnalysisRunner will not be running.
RoslynAnalysisRunner has terminated.
Mono: successfully reloaded assembly
- Completed reload, in  0.633 seconds
Platform modules already initialized, skipping
Refreshing native plugins compatible for Editor in 0.38 ms, found 0 plugins.
Preloading 0 native plugins for Editor in 0.00 ms.
Unloading 1520 Unused Serialized files (Serialized files now loaded: 0)
System memory in use before: 149.6 MB.
System memory in use after: 149.6 MB.

Unloading 7 unused Assets to reduce memory usage. Loaded Objects now: 2018.
Total: 2.145700 ms (FindLiveObjects: 0.209900 ms CreateObjectMapping: 0.036300 ms MarkObjects: 1.763200 ms  DeleteObjects: 0.135400 ms)

========================================================================
Received Import Request.
  Time since last request: 171.053543 seconds.
  path: Assets/Resources/Materials/Other Materials/Background.mat
  artifactKey: Guid(f8cc95213f5714e4e8a03275294610ab) Importer(815301076,1909f56bfc062723c751e8b465ee728b)
Start importing Assets/Resources/Materials/Other Materials/Background.mat using Guid(f8cc95213f5714e4e8a03275294610ab) Importer(815301076,1909f56bfc062723c751e8b465ee728b)  -> (artifact id: '542e4ddd8b7a2c5245cc76619ccc7329') in 0.083147 seconds
  Import took 0.085821 seconds .

========================================================================
Received Import Request.
  Time since last request: 15.223500 seconds.
  path: Assets/Resources/Materials/Other Materials/Grey Material.mat
  artifactKey: Guid(d7dac05f355e9d941b83c0b8b7a97abe) Importer(815301076,1909f56bfc062723c751e8b465ee728b)
Start importing Assets/Resources/Materials/Other Materials/Grey Material.mat using Guid(d7dac05f355e9d941b83c0b8b7a97abe) Importer(815301076,1909f56bfc062723c751e8b465ee728b)  -> (artifact id: '5d005af21a450e74baf700f776bc38c2') in 0.019432 seconds
  Import took 0.022048 seconds .

========================================================================
Received Prepare
Registering precompiled user dll's ...
Registered in 0.000807 seconds.
Begin MonoManager ReloadAssembly
Native extension for WindowsStandalone target not found
Native extension for WebGL target not found
Refreshing native plugins compatible for Editor in 0.39 ms, found 0 plugins.
Preloading 0 native plugins for Editor in 0.00 ms.
Warning: Annotation not found!
UnityEngine.StackTraceUtility:ExtractStackTrace ()
UnityEditor.ProBuilder.EditorUtility:SetGizmoIconEnabled (System.Type,bool) (at Library/PackageCache/com.unity.probuilder@4.4.0/Editor/EditorCore/EditorUtility.cs:593)
UnityEditor.ProBuilder.HierarchyListener:.cctor () (at Library/PackageCache/com.unity.probuilder@4.4.0/Editor/EditorCore/HierarchyListener.cs:21)
System.Runtime.CompilerServices.RuntimeHelpers:RunClassConstructor (System.RuntimeTypeHandle)
UnityEditor.EditorAssemblies:ProcessInitializeOnLoadAttributes (System.Type[])

[Library/PackageCache/com.unity.probuilder@4.4.0/Editor/EditorCore/EditorUtility.cs line 593]

Invoked RoslynAnalysisRunner static constructor.
RoslynAnalysisRunner will not be running.
RoslynAnalysisRunner has terminated.
Mono: successfully reloaded assembly
- Completed reload, in  0.627 seconds
Platform modules already initialized, skipping
Refreshing native plugins compatible for Editor in 0.39 ms, found 0 plugins.
Preloading 0 native plugins for Editor in 0.00 ms.
Unloading 1520 Unused Serialized files (Serialized files now loaded: 0)
System memory in use before: 152.5 MB.
System memory in use after: 152.5 MB.

Unloading 7 unused Assets to reduce memory usage. Loaded Objects now: 2060.
Total: 2.043800 ms (FindLiveObjects: 0.202200 ms CreateObjectMapping: 0.035200 ms MarkObjects: 1.675300 ms  DeleteObjects: 0.129900 ms)

========================================================================
Received Import Request.
  Time since last request: 243.664802 seconds.
  path: Assets/Prefab/Bently.prefab
  artifactKey: Guid(f858ece089907a748a6251f6bd8b4b62) Importer(815301076,1909f56bfc062723c751e8b465ee728b)
Start importing Assets/Prefab/Bently.prefab using Guid(f858ece089907a748a6251f6bd8b4b62) Importer(815301076,1909f56bfc062723c751e8b465ee728b)  -> (artifact id: 'a7e6c26db6110ff9e69064c251265d59') in 0.054371 seconds
  Import took 0.057250 seconds .

========================================================================
Received Import Request.
  Time since last request: 134.837887 seconds.
  path: Assets/Scenes/Level.unity
  artifactKey: Guid(9fc0d4010bbf28b4594072e72b8655ab) Importer(815301076,1909f56bfc062723c751e8b465ee728b)
Start importing Assets/Scenes/Level.unity using Guid(9fc0d4010bbf28b4594072e72b8655ab) Importer(815301076,1909f56bfc062723c751e8b465ee728b)  -> (artifact id: '74301448d7259104583421475ed8a671') in 0.004318 seconds
  Import took 0.007088 seconds .

========================================================================
Received Import Request.
  Time since last request: 8.091919 seconds.
  path: Assets/Scenes/FINAL.unity
  artifactKey: Guid(31e88e9ac2d1e1543a037709d3f78a69) Importer(815301076,1909f56bfc062723c751e8b465ee728b)
Start importing Assets/Scenes/FINAL.unity using Guid(31e88e9ac2d1e1543a037709d3f78a69) Importer(815301076,1909f56bfc062723c751e8b465ee728b)  -> (artifact id: 'e0cfefce1f31a0ef300f82205bf507bb') in 0.003879 seconds
  Import took 0.006561 seconds .

========================================================================
Received Import Request.
  Time since last request: 12.742282 seconds.
  path: Assets/Prefab/Sources/Source_Object_PINK.prefab
  artifactKey: Guid(32814b4e024020c4784ee9d3ee6d412f) Importer(815301076,1909f56bfc062723c751e8b465ee728b)
Start importing Assets/Prefab/Sources/Source_Object_PINK.prefab using Guid(32814b4e024020c4784ee9d3ee6d412f) Importer(815301076,1909f56bfc062723c751e8b465ee728b)  -> (artifact id: '41234ce524c935e36b8f2dca50cb83fa') in 0.018187 seconds
  Import took 0.021180 seconds .

========================================================================
Received Prepare
Registering precompiled user dll's ...
Registered in 0.000664 seconds.
Begin MonoManager ReloadAssembly
Native extension for WindowsStandalone target not found
Native extension for WebGL target not found
Refreshing native plugins compatible for Editor in 0.38 ms, found 0 plugins.
Preloading 0 native plugins for Editor in 0.00 ms.
Warning: Annotation not found!
UnityEngine.StackTraceUtility:ExtractStackTrace ()
UnityEditor.ProBuilder.EditorUtility:SetGizmoIconEnabled (System.Type,bool) (at Library/PackageCache/com.unity.probuilder@4.4.0/Editor/EditorCore/EditorUtility.cs:593)
UnityEditor.ProBuilder.HierarchyListener:.cctor () (at Library/PackageCache/com.unity.probuilder@4.4.0/Editor/EditorCore/HierarchyListener.cs:21)
System.Runtime.CompilerServices.RuntimeHelpers:RunClassConstructor (System.RuntimeTypeHandle)
UnityEditor.EditorAssemblies:ProcessInitializeOnLoadAttributes (System.Type[])

[Library/PackageCache/com.unity.probuilder@4.4.0/Editor/EditorCore/EditorUtility.cs line 593]

Invoked RoslynAnalysisRunner static constructor.
RoslynAnalysisRunner will not be running.
RoslynAnalysisRunner has terminated.
Mono: successfully reloaded assembly
- Completed reload, in  0.624 seconds
Platform modules already initialized, skipping
Refreshing native plugins compatible for Editor in 0.43 ms, found 0 plugins.
Preloading 0 native plugins for Editor in 0.00 ms.
Unloading 1520 Unused Serialized files (Serialized files now loaded: 0)
System memory in use before: 152.6 MB.
System memory in use after: 152.6 MB.

Unloading 7 unused Assets to reduce memory usage. Loaded Objects now: 2063.
Total: 1.999300 ms (FindLiveObjects: 0.189900 ms CreateObjectMapping: 0.035400 ms MarkObjects: 1.653200 ms  DeleteObjects: 0.119800 ms)

========================================================================
Received Import Request.
  Time since last request: 101.196574 seconds.
  path: Assets/Scenes/FINAL.unity
  artifactKey: Guid(31e88e9ac2d1e1543a037709d3f78a69) Importer(815301076,1909f56bfc062723c751e8b465ee728b)
Start importing Assets/Scenes/FINAL.unity using Guid(31e88e9ac2d1e1543a037709d3f78a69) Importer(815301076,1909f56bfc062723c751e8b465ee728b)  -> (artifact id: '7ef2a3e403dc7aa77d2333ecb92cc199') in 0.011617 seconds
  Import took 0.014313 seconds .

========================================================================
Received Prepare
Registering precompiled user dll's ...
Registered in 0.000845 seconds.
Begin MonoManager ReloadAssembly
Native extension for WindowsStandalone target not found
Native extension for WebGL target not found
Refreshing native plugins compatible for Editor in 0.49 ms, found 0 plugins.
Preloading 0 native plugins for Editor in 0.00 ms.
Warning: Annotation not found!
UnityEngine.StackTraceUtility:ExtractStackTrace ()
UnityEditor.ProBuilder.EditorUtility:SetGizmoIconEnabled (System.Type,bool) (at Library/PackageCache/com.unity.probuilder@4.4.0/Editor/EditorCore/EditorUtility.cs:593)
UnityEditor.ProBuilder.HierarchyListener:.cctor () (at Library/PackageCache/com.unity.probuilder@4.4.0/Editor/EditorCore/HierarchyListener.cs:21)
System.Runtime.CompilerServices.RuntimeHelpers:RunClassConstructor (System.RuntimeTypeHandle)
UnityEditor.EditorAssemblies:ProcessInitializeOnLoadAttributes (System.Type[])

[Library/PackageCache/com.unity.probuilder@4.4.0/Editor/EditorCore/EditorUtility.cs line 593]

Invoked RoslynAnalysisRunner static constructor.
RoslynAnalysisRunner will not be running.
RoslynAnalysisRunner has terminated.
Mono: successfully reloaded assembly
- Completed reload, in  0.672 seconds
Platform modules already initialized, skipping
Refreshing native plugins compatible for Editor in 0.39 ms, found 0 plugins.
Preloading 0 native plugins for Editor in 0.00 ms.
Unloading 1520 Unused Serialized files (Serialized files now loaded: 0)
System memory in use before: 152.6 MB.
System memory in use after: 152.6 MB.

Unloading 7 unused Assets to reduce memory usage. Loaded Objects now: 2065.
Total: 2.068300 ms (FindLiveObjects: 0.196200 ms CreateObjectMapping: 0.041100 ms MarkObjects: 1.707500 ms  DeleteObjects: 0.122500 ms)

========================================================================
Received Import Request.
  Time since last request: 264.195652 seconds.
  path: Assets/Scenes/FINAL.unity
  artifactKey: Guid(31e88e9ac2d1e1543a037709d3f78a69) Importer(815301076,1909f56bfc062723c751e8b465ee728b)
Start importing Assets/Scenes/FINAL.unity using Guid(31e88e9ac2d1e1543a037709d3f78a69) Importer(815301076,1909f56bfc062723c751e8b465ee728b)  -> (artifact id: 'bdcfb2a32af8cd6bd6b5599a60af8fe1') in 0.011834 seconds
  Import took 0.014792 seconds .

========================================================================
Received Prepare
Registering precompiled user dll's ...
Registered in 0.000720 seconds.
Begin MonoManager ReloadAssembly
Native extension for WindowsStandalone target not found
Native extension for WebGL target not found
Refreshing native plugins compatible for Editor in 0.38 ms, found 0 plugins.
Preloading 0 native plugins for Editor in 0.00 ms.
Warning: Annotation not found!
UnityEngine.StackTraceUtility:ExtractStackTrace ()
UnityEditor.ProBuilder.EditorUtility:SetGizmoIconEnabled (System.Type,bool) (at Library/PackageCache/com.unity.probuilder@4.4.0/Editor/EditorCore/EditorUtility.cs:593)
UnityEditor.ProBuilder.HierarchyListener:.cctor () (at Library/PackageCache/com.unity.probuilder@4.4.0/Editor/EditorCore/HierarchyListener.cs:21)
System.Runtime.CompilerServices.RuntimeHelpers:RunClassConstructor (System.RuntimeTypeHandle)
UnityEditor.EditorAssemblies:ProcessInitializeOnLoadAttributes (System.Type[])

[Library/PackageCache/com.unity.probuilder@4.4.0/Editor/EditorCore/EditorUtility.cs line 593]

Invoked RoslynAnalysisRunner static constructor.
RoslynAnalysisRunner will not be running.
RoslynAnalysisRunner has terminated.
Mono: successfully reloaded assembly
- Completed reload, in  0.624 seconds
Platform modules already initialized, skipping
Refreshing native plugins compatible for Editor in 0.39 ms, found 0 plugins.
Preloading 0 native plugins for Editor in 0.00 ms.
Unloading 1520 Unused Serialized files (Serialized files now loaded: 0)
System memory in use before: 152.6 MB.
System memory in use after: 152.6 MB.

Unloading 7 unused Assets to reduce memory usage. Loaded Objects now: 2067.
Total: 2.007200 ms (FindLiveObjects: 0.181300 ms CreateObjectMapping: 0.035400 ms MarkObjects: 1.663300 ms  DeleteObjects: 0.126300 ms)

========================================================================
Received Import Request.
  Time since last request: 917.361801 seconds.
  path: Assets/Prefab/Bently 1.prefab
  artifactKey: Guid(ebd048129c597b447ab86c83c848040d) Importer(815301076,1909f56bfc062723c751e8b465ee728b)
Start importing Assets/Prefab/Bently 1.prefab using Guid(ebd048129c597b447ab86c83c848040d) Importer(815301076,1909f56bfc062723c751e8b465ee728b)  -> (artifact id: '7fc276dc06aa5b40ef51e9c34763a93a') in 0.084427 seconds
  Import took 0.087687 seconds .

========================================================================
Received Import Request.
  Time since last request: 12.840914 seconds.
  path: Assets/Prefab/END.prefab
  artifactKey: Guid(2de1e10f58cd14641a718b6814bd055e) Importer(815301076,1909f56bfc062723c751e8b465ee728b)
Start importing Assets/Prefab/END.prefab using Guid(2de1e10f58cd14641a718b6814bd055e) Importer(815301076,1909f56bfc062723c751e8b465ee728b)  -> (artifact id: '909e4605bd5dea7b3c5892a9576d2f7e') in 0.014667 seconds
  Import took 0.017655 seconds .

========================================================================
Received Import Request.
  Time since last request: 0.004602 seconds.
  path: Assets/Prefab/END.prefab
  artifactKey: Guid(2de1e10f58cd14641a718b6814bd055e) Importer(815301076,1909f56bfc062723c751e8b465ee728b)
Start importing Assets/Prefab/END.prefab using Guid(2de1e10f58cd14641a718b6814bd055e) Importer(815301076,1909f56bfc062723c751e8b465ee728b)  -> (artifact id: '909e4605bd5dea7b3c5892a9576d2f7e') in 0.018987 seconds
  Import took 0.021662 seconds .

========================================================================
Received Import Request.
  Time since last request: 31.983219 seconds.
  path: Assets/Scenes/FINAL.unity
  artifactKey: Guid(31e88e9ac2d1e1543a037709d3f78a69) Importer(815301076,1909f56bfc062723c751e8b465ee728b)
Start importing Assets/Scenes/FINAL.unity using Guid(31e88e9ac2d1e1543a037709d3f78a69) Importer(815301076,1909f56bfc062723c751e8b465ee728b)  -> (artifact id: 'ffc562cb3abe6b61f64f472c1cfd124a') in 0.003723 seconds
  Import took 0.006506 seconds .

========================================================================
Received Import Request.
  Time since last request: 0.002118 seconds.
  path: Assets/Scenes/FINAL.unity
  artifactKey: Guid(31e88e9ac2d1e1543a037709d3f78a69) Importer(815301076,1909f56bfc062723c751e8b465ee728b)
Start importing Assets/Scenes/FINAL.unity using Guid(31e88e9ac2d1e1543a037709d3f78a69) Importer(815301076,1909f56bfc062723c751e8b465ee728b)  -> (artifact id: 'ffc562cb3abe6b61f64f472c1cfd124a') in 0.002253 seconds
  Import took 0.004894 seconds .

========================================================================
Received Import Request.
  Time since last request: 103.674872 seconds.
  path: Assets/Bently.JUMP.ANIM.fbx
  artifactKey: Guid(980af4a87196fc2438f5648a23383726) Importer(815301076,1909f56bfc062723c751e8b465ee728b)
Start importing Assets/Bently.JUMP.ANIM.fbx using Guid(980af4a87196fc2438f5648a23383726) Importer(815301076,1909f56bfc062723c751e8b465ee728b)  -> (artifact id: '783b36b632603ed482f496318e059556') in 0.037543 seconds
  Import took 0.040429 seconds .

========================================================================
Received Import Request.
  Time since last request: 32.929215 seconds.
  path: Assets/Animations/Jump.controller
  artifactKey: Guid(f577013d01ab62b4ca8fe66ad53010ba) Importer(815301076,1909f56bfc062723c751e8b465ee728b)
Start importing Assets/Animations/Jump.controller using Guid(f577013d01ab62b4ca8fe66ad53010ba) Importer(815301076,1909f56bfc062723c751e8b465ee728b)  -> (artifact id: '0d266e241a904ef78305b268f125a6b4') in 0.009300 seconds
  Import took 0.011952 seconds .

========================================================================
Received Prepare
Registering precompiled user dll's ...
Registered in 0.000810 seconds.
Begin MonoManager ReloadAssembly
Native extension for WindowsStandalone target not found
Native extension for WebGL target not found
Refreshing native plugins compatible for Editor in 0.40 ms, found 0 plugins.
Preloading 0 native plugins for Editor in 0.00 ms.
Warning: Annotation not found!
UnityEngine.StackTraceUtility:ExtractStackTrace ()
UnityEditor.ProBuilder.EditorUtility:SetGizmoIconEnabled (System.Type,bool) (at Library/PackageCache/com.unity.probuilder@4.4.0/Editor/EditorCore/EditorUtility.cs:593)
UnityEditor.ProBuilder.HierarchyListener:.cctor () (at Library/PackageCache/com.unity.probuilder@4.4.0/Editor/EditorCore/HierarchyListener.cs:21)
System.Runtime.CompilerServices.RuntimeHelpers:RunClassConstructor (System.RuntimeTypeHandle)
UnityEditor.EditorAssemblies:ProcessInitializeOnLoadAttributes (System.Type[])

[Library/PackageCache/com.unity.probuilder@4.4.0/Editor/EditorCore/EditorUtility.cs line 593]

Invoked RoslynAnalysisRunner static constructor.
RoslynAnalysisRunner will not be running.
RoslynAnalysisRunner has terminated.
Mono: successfully reloaded assembly
- Completed reload, in  0.625 seconds
Platform modules already initialized, skipping
Refreshing native plugins compatible for Editor in 0.39 ms, found 0 plugins.
Preloading 0 native plugins for Editor in 0.00 ms.
Unloading 1520 Unused Serialized files (Serialized files now loaded: 0)
System memory in use before: 152.7 MB.
System memory in use after: 152.7 MB.

Unloading 7 unused Assets to reduce memory usage. Loaded Objects now: 2071.
Total: 2.008600 ms (FindLiveObjects: 0.187600 ms CreateObjectMapping: 0.034000 ms MarkObjects: 1.666800 ms  DeleteObjects: 0.119300 ms)

========================================================================
Received Import Request.
  Time since last request: 88.933389 seconds.
  path: Assets/Bently.JUMP.MESH.fbx
  artifactKey: Guid(90ae56bb6af4ee14aad0fd1feb8468de) Importer(815301076,1909f56bfc062723c751e8b465ee728b)
Start importing Assets/Bently.JUMP.MESH.fbx using Guid(90ae56bb6af4ee14aad0fd1feb8468de) Importer(815301076,1909f56bfc062723c751e8b465ee728b)  -> (artifact id: '7a4f06322e94f8e1f342e3d43beeee67') in 0.087618 seconds
  Import took 0.090468 seconds .

========================================================================
Received Import Request.
  Time since last request: 125.060629 seconds.
  path: Assets/Bently.WALK.ANIM.fbx
  artifactKey: Guid(224437c6b10f195488fccc0a03902a8f) Importer(815301076,1909f56bfc062723c751e8b465ee728b)
Start importing Assets/Bently.WALK.ANIM.fbx using Guid(224437c6b10f195488fccc0a03902a8f) Importer(815301076,1909f56bfc062723c751e8b465ee728b)  -> (artifact id: '38e24051b7928f11bc5c540d7f9c3d5c') in 0.009830 seconds
  Import took 0.012875 seconds .

========================================================================
Received Import Request.
  Time since last request: 0.002882 seconds.
  path: Assets/Bently.WALK.ANIM.fbx
  artifactKey: Guid(224437c6b10f195488fccc0a03902a8f) Importer(815301076,1909f56bfc062723c751e8b465ee728b)
Start importing Assets/Bently.WALK.ANIM.fbx using Guid(224437c6b10f195488fccc0a03902a8f) Importer(815301076,1909f56bfc062723c751e8b465ee728b)  -> (artifact id: '38e24051b7928f11bc5c540d7f9c3d5c') in 0.004484 seconds
  Import took 0.007110 seconds .

========================================================================
Received Import Request.
  Time since last request: 9.128936 seconds.
  path: Assets/Animations/Walk.controller
  artifactKey: Guid(6af7d996ea2373f44bb93ea5afeafd81) Importer(815301076,1909f56bfc062723c751e8b465ee728b)
Start importing Assets/Animations/Walk.controller using Guid(6af7d996ea2373f44bb93ea5afeafd81) Importer(815301076,1909f56bfc062723c751e8b465ee728b)  -> (artifact id: 'becca59468c43b2953230004efdfed12') in 0.007990 seconds
  Import took 0.010596 seconds .

========================================================================
Received Import Request.
  Time since last request: 31.551054 seconds.
  path: Assets/Bently.WALK.ANIM.fbx
  artifactKey: Guid(224437c6b10f195488fccc0a03902a8f) Importer(815301076,1909f56bfc062723c751e8b465ee728b)
Start importing Assets/Bently.WALK.ANIM.fbx using Guid(224437c6b10f195488fccc0a03902a8f) Importer(815301076,1909f56bfc062723c751e8b465ee728b)  -> (artifact id: '664f94d15d73a8557b1d8f98deedd592') in 0.004561 seconds
  Import took 0.007410 seconds .

========================================================================
Received Import Request.
  Time since last request: 8.497417 seconds.
  path: Assets/Bently.WALK.MESH.fbx
  artifactKey: Guid(39e485ba3eee54f4f989d92a73d1d770) Importer(815301076,1909f56bfc062723c751e8b465ee728b)
Start importing Assets/Bently.WALK.MESH.fbx using Guid(39e485ba3eee54f4f989d92a73d1d770) Importer(815301076,1909f56bfc062723c751e8b465ee728b)  -> (artifact id: 'abba6285bf940b4edf6935b8c733a806') in 0.022197 seconds
  Import took 0.025017 seconds .

========================================================================
Received Import Request.
  Time since last request: 61.420297 seconds.
  path: Assets/Bently.IDLE.ANIM.fbx
  artifactKey: Guid(e30b789745af92d44aa14a1f6c2a12a8) Importer(815301076,1909f56bfc062723c751e8b465ee728b)
Start importing Assets/Bently.IDLE.ANIM.fbx using Guid(e30b789745af92d44aa14a1f6c2a12a8) Importer(815301076,1909f56bfc062723c751e8b465ee728b)  -> (artifact id: '3eacdc17914b9af9f9bd4f990a6a57ed') in 0.008479 seconds
  Import took 0.011258 seconds .

========================================================================
Received Import Request.
  Time since last request: 12.607561 seconds.
  path: Assets/Animations/Idle.controller
  artifactKey: Guid(119f461dddc83ed4a8053abd05337287) Importer(815301076,1909f56bfc062723c751e8b465ee728b)
Start importing Assets/Animations/Idle.controller using Guid(119f461dddc83ed4a8053abd05337287) Importer(815301076,1909f56bfc062723c751e8b465ee728b)  -> (artifact id: '468e8780c0d34e560fd6f3377745106e') in 0.007051 seconds
  Import took 0.009719 seconds .

========================================================================
Received Import Request.
  Time since last request: 2.433174 seconds.
  path: Assets/Bently.IDLE.ANIM.fbx
  artifactKey: Guid(e30b789745af92d44aa14a1f6c2a12a8) Importer(815301076,1909f56bfc062723c751e8b465ee728b)
Start importing Assets/Bently.IDLE.ANIM.fbx using Guid(e30b789745af92d44aa14a1f6c2a12a8) Importer(815301076,1909f56bfc062723c751e8b465ee728b)  -> (artifact id: 'eb7d95c7a49d91f89ada02fca09d7397') in 0.004950 seconds
  Import took 0.007461 seconds .

========================================================================
Received Import Request.
  Time since last request: 13.524078 seconds.
  path: Assets/Animations/Bently.IDLE.MESH.fbx
  artifactKey: Guid(8d1660c1c4e9bec4e8de15176562b6be) Importer(815301076,1909f56bfc062723c751e8b465ee728b)
Start importing Assets/Animations/Bently.IDLE.MESH.fbx using Guid(8d1660c1c4e9bec4e8de15176562b6be) Importer(815301076,1909f56bfc062723c751e8b465ee728b)  -> (artifact id: '55a04aecc640e5626f7817e9c6caaaee') in 0.027862 seconds
  Import took 0.030696 seconds .

========================================================================
Received Prepare
Registering precompiled user dll's ...
Registered in 0.000695 seconds.
Begin MonoManager ReloadAssembly
Native extension for WindowsStandalone target not found
Native extension for WebGL target not found
Refreshing native plugins compatible for Editor in 0.39 ms, found 0 plugins.
Preloading 0 native plugins for Editor in 0.00 ms.
Warning: Annotation not found!
UnityEngine.StackTraceUtility:ExtractStackTrace ()
UnityEditor.ProBuilder.EditorUtility:SetGizmoIconEnabled (System.Type,bool) (at Library/PackageCache/com.unity.probuilder@4.4.0/Editor/EditorCore/EditorUtility.cs:593)
UnityEditor.ProBuilder.HierarchyListener:.cctor () (at Library/PackageCache/com.unity.probuilder@4.4.0/Editor/EditorCore/HierarchyListener.cs:21)
System.Runtime.CompilerServices.RuntimeHelpers:RunClassConstructor (System.RuntimeTypeHandle)
UnityEditor.EditorAssemblies:ProcessInitializeOnLoadAttributes (System.Type[])

[Library/PackageCache/com.unity.probuilder@4.4.0/Editor/EditorCore/EditorUtility.cs line 593]

Invoked RoslynAnalysisRunner static constructor.
RoslynAnalysisRunner will not be running.
RoslynAnalysisRunner has terminated.
Mono: successfully reloaded assembly
- Completed reload, in  0.627 seconds
Platform modules already initialized, skipping
Refreshing native plugins compatible for Editor in 0.40 ms, found 0 plugins.
Preloading 0 native plugins for Editor in 0.00 ms.
Unloading 1520 Unused Serialized files (Serialized files now loaded: 0)
System memory in use before: 152.9 MB.
System memory in use after: 152.9 MB.

Unloading 7 unused Assets to reduce memory usage. Loaded Objects now: 2077.
Total: 1.988800 ms (FindLiveObjects: 0.181400 ms CreateObjectMapping: 0.036200 ms MarkObjects: 1.655700 ms  DeleteObjects: 0.114200 ms)

========================================================================
Received Prepare
Registering precompiled user dll's ...
Registered in 0.000683 seconds.
Begin MonoManager ReloadAssembly
Native extension for WindowsStandalone target not found
Native extension for WebGL target not found
Refreshing native plugins compatible for Editor in 0.39 ms, found 0 plugins.
Preloading 0 native plugins for Editor in 0.00 ms.
Warning: Annotation not found!
UnityEngine.StackTraceUtility:ExtractStackTrace ()
UnityEditor.ProBuilder.EditorUtility:SetGizmoIconEnabled (System.Type,bool) (at Library/PackageCache/com.unity.probuilder@4.4.0/Editor/EditorCore/EditorUtility.cs:593)
UnityEditor.ProBuilder.HierarchyListener:.cctor () (at Library/PackageCache/com.unity.probuilder@4.4.0/Editor/EditorCore/HierarchyListener.cs:21)
System.Runtime.CompilerServices.RuntimeHelpers:RunClassConstructor (System.RuntimeTypeHandle)
UnityEditor.EditorAssemblies:ProcessInitializeOnLoadAttributes (System.Type[])

[Library/PackageCache/com.unity.probuilder@4.4.0/Editor/EditorCore/EditorUtility.cs line 593]

Invoked RoslynAnalysisRunner static constructor.
RoslynAnalysisRunner will not be running.
RoslynAnalysisRunner has terminated.
Mono: successfully reloaded assembly
- Completed reload, in  0.633 seconds
Platform modules already initialized, skipping
Refreshing native plugins compatible for Editor in 0.39 ms, found 0 plugins.
Preloading 0 native plugins for Editor in 0.00 ms.
Unloading 1520 Unused Serialized files (Serialized files now loaded: 0)
System memory in use before: 152.9 MB.
System memory in use after: 152.9 MB.

Unloading 7 unused Assets to reduce memory usage. Loaded Objects now: 2079.
Total: 2.119000 ms (FindLiveObjects: 0.230600 ms CreateObjectMapping: 0.036700 ms MarkObjects: 1.713700 ms  DeleteObjects: 0.136600 ms)

========================================================================
Received Import Request.
  Time since last request: 167.358255 seconds.
  path: Assets/Scripts/PlayerController.cs
  artifactKey: Guid(717d1617f1376024896ecb76f1cb0d22) Importer(815301076,1909f56bfc062723c751e8b465ee728b)
Start importing Assets/Scripts/PlayerController.cs using Guid(717d1617f1376024896ecb76f1cb0d22) Importer(815301076,1909f56bfc062723c751e8b465ee728b)  -> (artifact id: 'c4ff38dfa0cc1cc8d1c6b0ae0a70a7ba') in 0.008129 seconds
  Import took 0.010877 seconds .

========================================================================
Received Prepare
Registering precompiled user dll's ...
Registered in 0.000761 seconds.
Begin MonoManager ReloadAssembly
Native extension for WindowsStandalone target not found
Native extension for WebGL target not found
Refreshing native plugins compatible for Editor in 0.38 ms, found 0 plugins.
Preloading 0 native plugins for Editor in 0.00 ms.
Warning: Annotation not found!
UnityEngine.StackTraceUtility:ExtractStackTrace ()
UnityEditor.ProBuilder.EditorUtility:SetGizmoIconEnabled (System.Type,bool) (at Library/PackageCache/com.unity.probuilder@4.4.0/Editor/EditorCore/EditorUtility.cs:593)
UnityEditor.ProBuilder.HierarchyListener:.cctor () (at Library/PackageCache/com.unity.probuilder@4.4.0/Editor/EditorCore/HierarchyListener.cs:21)
System.Runtime.CompilerServices.RuntimeHelpers:RunClassConstructor (System.RuntimeTypeHandle)
UnityEditor.EditorAssemblies:ProcessInitializeOnLoadAttributes (System.Type[])

[Library/PackageCache/com.unity.probuilder@4.4.0/Editor/EditorCore/EditorUtility.cs line 593]

Invoked RoslynAnalysisRunner static constructor.
RoslynAnalysisRunner will not be running.
RoslynAnalysisRunner has terminated.
Mono: successfully reloaded assembly
- Completed reload, in  0.632 seconds
Platform modules already initialized, skipping
Refreshing native plugins compatible for Editor in 0.41 ms, found 0 plugins.
Preloading 0 native plugins for Editor in 0.00 ms.
Unloading 1520 Unused Serialized files (Serialized files now loaded: 0)
System memory in use before: 152.9 MB.
System memory in use after: 152.9 MB.

Unloading 7 unused Assets to reduce memory usage. Loaded Objects now: 2081.
Total: 2.383000 ms (FindLiveObjects: 0.225300 ms CreateObjectMapping: 0.038200 ms MarkObjects: 1.975700 ms  DeleteObjects: 0.142900 ms)

========================================================================
Received Import Request.
  Time since last request: 24.002879 seconds.
  path: Assets/Scripts/PlayerController.cs
  artifactKey: Guid(717d1617f1376024896ecb76f1cb0d22) Importer(815301076,1909f56bfc062723c751e8b465ee728b)
Start importing Assets/Scripts/PlayerController.cs using Guid(717d1617f1376024896ecb76f1cb0d22) Importer(815301076,1909f56bfc062723c751e8b465ee728b)  -> (artifact id: '35ce4f3761caee19880dd043da99ac4d') in 0.005468 seconds
  Import took 0.008193 seconds .

========================================================================
Received Prepare
Registering precompiled user dll's ...
Registered in 0.000945 seconds.
Begin MonoManager ReloadAssembly
Native extension for WindowsStandalone target not found
Native extension for WebGL target not found
Refreshing native plugins compatible for Editor in 0.42 ms, found 0 plugins.
Preloading 0 native plugins for Editor in 0.00 ms.
Warning: Annotation not found!
UnityEngine.StackTraceUtility:ExtractStackTrace ()
UnityEditor.ProBuilder.EditorUtility:SetGizmoIconEnabled (System.Type,bool) (at Library/PackageCache/com.unity.probuilder@4.4.0/Editor/EditorCore/EditorUtility.cs:593)
UnityEditor.ProBuilder.HierarchyListener:.cctor () (at Library/PackageCache/com.unity.probuilder@4.4.0/Editor/EditorCore/HierarchyListener.cs:21)
System.Runtime.CompilerServices.RuntimeHelpers:RunClassConstructor (System.RuntimeTypeHandle)
UnityEditor.EditorAssemblies:ProcessInitializeOnLoadAttributes (System.Type[])

[Library/PackageCache/com.unity.probuilder@4.4.0/Editor/EditorCore/EditorUtility.cs line 593]

Invoked RoslynAnalysisRunner static constructor.
RoslynAnalysisRunner will not be running.
RoslynAnalysisRunner has terminated.
Mono: successfully reloaded assembly
- Completed reload, in  0.675 seconds
Platform modules already initialized, skipping
Refreshing native plugins compatible for Editor in 0.40 ms, found 0 plugins.
Preloading 0 native plugins for Editor in 0.00 ms.
Unloading 1520 Unused Serialized files (Serialized files now loaded: 0)
System memory in use before: 152.9 MB.
System memory in use after: 152.9 MB.

Unloading 7 unused Assets to reduce memory usage. Loaded Objects now: 2083.
Total: 2.234700 ms (FindLiveObjects: 0.215400 ms CreateObjectMapping: 0.034100 ms MarkObjects: 1.856800 ms  DeleteObjects: 0.127400 ms)

========================================================================
Received Prepare
Registering precompiled user dll's ...
Registered in 0.000781 seconds.
Begin MonoManager ReloadAssembly
Native extension for WindowsStandalone target not found
Native extension for WebGL target not found
Refreshing native plugins compatible for Editor in 0.38 ms, found 0 plugins.
Preloading 0 native plugins for Editor in 0.00 ms.
Warning: Annotation not found!
UnityEngine.StackTraceUtility:ExtractStackTrace ()
UnityEditor.ProBuilder.EditorUtility:SetGizmoIconEnabled (System.Type,bool) (at Library/PackageCache/com.unity.probuilder@4.4.0/Editor/EditorCore/EditorUtility.cs:593)
UnityEditor.ProBuilder.HierarchyListener:.cctor () (at Library/PackageCache/com.unity.probuilder@4.4.0/Editor/EditorCore/HierarchyListener.cs:21)
System.Runtime.CompilerServices.RuntimeHelpers:RunClassConstructor (System.RuntimeTypeHandle)
UnityEditor.EditorAssemblies:ProcessInitializeOnLoadAttributes (System.Type[])

[Library/PackageCache/com.unity.probuilder@4.4.0/Editor/EditorCore/EditorUtility.cs line 593]

Invoked RoslynAnalysisRunner static constructor.
RoslynAnalysisRunner will not be running.
RoslynAnalysisRunner has terminated.
Mono: successfully reloaded assembly
- Completed reload, in  0.617 seconds
Platform modules already initialized, skipping
Refreshing native plugins compatible for Editor in 0.41 ms, found 0 plugins.
Preloading 0 native plugins for Editor in 0.00 ms.
Unloading 1520 Unused Serialized files (Serialized files now loaded: 0)
System memory in use before: 152.9 MB.
System memory in use after: 152.9 MB.

Unloading 7 unused Assets to reduce memory usage. Loaded Objects now: 2085.
Total: 2.081900 ms (FindLiveObjects: 0.193900 ms CreateObjectMapping: 0.037400 ms MarkObjects: 1.713600 ms  DeleteObjects: 0.136200 ms)

========================================================================
Received Prepare
Registering precompiled user dll's ...
Registered in 0.000736 seconds.
Begin MonoManager ReloadAssembly
Native extension for WindowsStandalone target not found
Native extension for WebGL target not found
Refreshing native plugins compatible for Editor in 0.42 ms, found 0 plugins.
Preloading 0 native plugins for Editor in 0.00 ms.
Warning: Annotation not found!
UnityEngine.StackTraceUtility:ExtractStackTrace ()
UnityEditor.ProBuilder.EditorUtility:SetGizmoIconEnabled (System.Type,bool) (at Library/PackageCache/com.unity.probuilder@4.4.0/Editor/EditorCore/EditorUtility.cs:593)
UnityEditor.ProBuilder.HierarchyListener:.cctor () (at Library/PackageCache/com.unity.probuilder@4.4.0/Editor/EditorCore/HierarchyListener.cs:21)
System.Runtime.CompilerServices.RuntimeHelpers:RunClassConstructor (System.RuntimeTypeHandle)
UnityEditor.EditorAssemblies:ProcessInitializeOnLoadAttributes (System.Type[])

[Library/PackageCache/com.unity.probuilder@4.4.0/Editor/EditorCore/EditorUtility.cs line 593]

Invoked RoslynAnalysisRunner static constructor.
RoslynAnalysisRunner will not be running.
RoslynAnalysisRunner has terminated.
Mono: successfully reloaded assembly
- Completed reload, in  0.625 seconds
Platform modules already initialized, skipping
Refreshing native plugins compatible for Editor in 0.40 ms, found 0 plugins.
Preloading 0 native plugins for Editor in 0.00 ms.
Unloading 1520 Unused Serialized files (Serialized files now loaded: 0)
System memory in use before: 152.9 MB.
System memory in use after: 152.9 MB.

Unloading 7 unused Assets to reduce memory usage. Loaded Objects now: 2087.
Total: 2.102400 ms (FindLiveObjects: 0.190800 ms CreateObjectMapping: 0.042100 ms MarkObjects: 1.742700 ms  DeleteObjects: 0.125800 ms)

========================================================================
Received Prepare
Registering precompiled user dll's ...
Registered in 0.000747 seconds.
Begin MonoManager ReloadAssembly
Native extension for WindowsStandalone target not found
Native extension for WebGL target not found
Refreshing native plugins compatible for Editor in 0.40 ms, found 0 plugins.
Preloading 0 native plugins for Editor in 0.00 ms.
Warning: Annotation not found!
UnityEngine.StackTraceUtility:ExtractStackTrace ()
UnityEditor.ProBuilder.EditorUtility:SetGizmoIconEnabled (System.Type,bool) (at Library/PackageCache/com.unity.probuilder@4.4.0/Editor/EditorCore/EditorUtility.cs:593)
UnityEditor.ProBuilder.HierarchyListener:.cctor () (at Library/PackageCache/com.unity.probuilder@4.4.0/Editor/EditorCore/HierarchyListener.cs:21)
System.Runtime.CompilerServices.RuntimeHelpers:RunClassConstructor (System.RuntimeTypeHandle)
UnityEditor.EditorAssemblies:ProcessInitializeOnLoadAttributes (System.Type[])

[Library/PackageCache/com.unity.probuilder@4.4.0/Editor/EditorCore/EditorUtility.cs line 593]

Invoked RoslynAnalysisRunner static constructor.
RoslynAnalysisRunner will not be running.
RoslynAnalysisRunner has terminated.
Mono: successfully reloaded assembly
- Completed reload, in  0.624 seconds
Platform modules already initialized, skipping
Refreshing native plugins compatible for Editor in 0.38 ms, found 0 plugins.
Preloading 0 native plugins for Editor in 0.00 ms.
Unloading 1520 Unused Serialized files (Serialized files now loaded: 0)
System memory in use before: 152.9 MB.
System memory in use after: 152.9 MB.

Unloading 7 unused Assets to reduce memory usage. Loaded Objects now: 2089.
Total: 2.335900 ms (FindLiveObjects: 0.213200 ms CreateObjectMapping: 0.043300 ms MarkObjects: 1.939600 ms  DeleteObjects: 0.138400 ms)

========================================================================
Received Prepare
Registering precompiled user dll's ...
Registered in 0.000803 seconds.
Begin MonoManager ReloadAssembly
Native extension for WindowsStandalone target not found
Native extension for WebGL target not found
Refreshing native plugins compatible for Editor in 0.39 ms, found 0 plugins.
Preloading 0 native plugins for Editor in 0.00 ms.
Warning: Annotation not found!
UnityEngine.StackTraceUtility:ExtractStackTrace ()
UnityEditor.ProBuilder.EditorUtility:SetGizmoIconEnabled (System.Type,bool) (at Library/PackageCache/com.unity.probuilder@4.4.0/Editor/EditorCore/EditorUtility.cs:593)
UnityEditor.ProBuilder.HierarchyListener:.cctor () (at Library/PackageCache/com.unity.probuilder@4.4.0/Editor/EditorCore/HierarchyListener.cs:21)
System.Runtime.CompilerServices.RuntimeHelpers:RunClassConstructor (System.RuntimeTypeHandle)
UnityEditor.EditorAssemblies:ProcessInitializeOnLoadAttributes (System.Type[])

[Library/PackageCache/com.unity.probuilder@4.4.0/Editor/EditorCore/EditorUtility.cs line 593]

Invoked RoslynAnalysisRunner static constructor.
RoslynAnalysisRunner will not be running.
RoslynAnalysisRunner has terminated.
Mono: successfully reloaded assembly
- Completed reload, in  0.632 seconds
Platform modules already initialized, skipping
Refreshing native plugins compatible for Editor in 0.41 ms, found 0 plugins.
Preloading 0 native plugins for Editor in 0.00 ms.
Unloading 1520 Unused Serialized files (Serialized files now loaded: 0)
System memory in use before: 152.9 MB.
System memory in use after: 152.9 MB.

Unloading 7 unused Assets to reduce memory usage. Loaded Objects now: 2091.
Total: 2.158200 ms (FindLiveObjects: 0.226500 ms CreateObjectMapping: 0.036400 ms MarkObjects: 1.749800 ms  DeleteObjects: 0.144300 ms)

========================================================================
Received Prepare
Registering precompiled user dll's ...
Registered in 0.000856 seconds.
Begin MonoManager ReloadAssembly
Native extension for WindowsStandalone target not found
Native extension for WebGL target not found
Refreshing native plugins compatible for Editor in 0.44 ms, found 0 plugins.
Preloading 0 native plugins for Editor in 0.00 ms.
Warning: Annotation not found!
UnityEngine.StackTraceUtility:ExtractStackTrace ()
UnityEditor.ProBuilder.EditorUtility:SetGizmoIconEnabled (System.Type,bool) (at Library/PackageCache/com.unity.probuilder@4.4.0/Editor/EditorCore/EditorUtility.cs:593)
UnityEditor.ProBuilder.HierarchyListener:.cctor () (at Library/PackageCache/com.unity.probuilder@4.4.0/Editor/EditorCore/HierarchyListener.cs:21)
System.Runtime.CompilerServices.RuntimeHelpers:RunClassConstructor (System.RuntimeTypeHandle)
UnityEditor.EditorAssemblies:ProcessInitializeOnLoadAttributes (System.Type[])

[Library/PackageCache/com.unity.probuilder@4.4.0/Editor/EditorCore/EditorUtility.cs line 593]

Invoked RoslynAnalysisRunner static constructor.
RoslynAnalysisRunner will not be running.
RoslynAnalysisRunner has terminated.
Mono: successfully reloaded assembly
- Completed reload, in  0.679 seconds
Platform modules already initialized, skipping
Refreshing native plugins compatible for Editor in 0.41 ms, found 0 plugins.
Preloading 0 native plugins for Editor in 0.00 ms.
Unloading 1520 Unused Serialized files (Serialized files now loaded: 0)
System memory in use before: 152.9 MB.
System memory in use after: 152.9 MB.

Unloading 7 unused Assets to reduce memory usage. Loaded Objects now: 2093.
Total: 2.263500 ms (FindLiveObjects: 0.231400 ms CreateObjectMapping: 0.037600 ms MarkObjects: 1.840000 ms  DeleteObjects: 0.153500 ms)

========================================================================
Received Prepare
Refreshing native plugins compatible for Editor in 0.89 ms, found 0 plugins.
Preloading 0 native plugins for Editor in 0.00 ms.
Unloading 5 Unused Serialized files (Serialized files now loaded: 0)
System memory in use before: 122.9 MB.
System memory in use after: 123.0 MB.

Unloading 5 unused Assets to reduce memory usage. Loaded Objects now: 2093.
Total: 2.211500 ms (FindLiveObjects: 0.213400 ms CreateObjectMapping: 0.035300 ms MarkObjects: 1.837400 ms  DeleteObjects: 0.124600 ms)

