Using pre-set license
Built from '2020.2/release' branch; Version is '2020.2.2f1 (068178b99f32) revision 426360'; Using compiler version '192528614'; Build Type 'Release'
OS: 'Windows 10 Home; OS build 19042.1288; Version 2009; 64bit' Language: 'en' Physical Memory: 16333 MB
BatchMode: 1, IsHumanControllingUs: 0, StartBugReporterOnCrash: 0, Is64bit: 1, IsPro: 0

 COMMAND LINE ARGUMENTS:
C:\Program Files\Unity\Hub\Editor\2020.2.2f1\Editor\Unity.exe
-adb2
-batchMode
-noUpm
-name
AssetImportWorker0
-projectPath
C:/Users/dog/Desktop/GDW/COLORS/COLORS
-logFile
Logs/AssetImportWorker0.log
-srvPort
57068
Successfully changed project path to: C:/Users/dog/Desktop/GDW/COLORS/COLORS
C:/Users/dog/Desktop/GDW/COLORS/COLORS
Using Asset Import Pipeline V2.
Refreshing native plugins compatible for Editor in 30.50 ms, found 0 plugins.
Preloading 0 native plugins for Editor in 0.00 ms.
Initialize engine version: 2020.2.2f1 (068178b99f32)
[Subsystems] Discovering subsystems at path C:/Program Files/Unity/Hub/Editor/2020.2.2f1/Editor/Data/Resources/UnitySubsystems
[Subsystems] Discovering subsystems at path C:/Users/dog/Desktop/GDW/COLORS/COLORS/Assets
GfxDevice: creating device client; threaded=0
Direct3D:
    Version:  Direct3D 11.0 [level 11.1]
    Renderer: NVIDIA GeForce RTX 2060 SUPER (ID=0x1f06)
    Vendor:   
    VRAM:     8031 MB
    Driver:   27.21.14.6140
Initialize mono
Mono path[0] = 'C:/Program Files/Unity/Hub/Editor/2020.2.2f1/Editor/Data/Managed'
Mono path[1] = 'C:/Program Files/Unity/Hub/Editor/2020.2.2f1/Editor/Data/MonoBleedingEdge/lib/mono/unityjit'
Mono config path = 'C:/Program Files/Unity/Hub/Editor/2020.2.2f1/Editor/Data/MonoBleedingEdge/etc'
Using monoOptions --debugger-agent=transport=dt_socket,embedding=1,server=y,suspend=n,address=127.0.0.1:56896
Begin MonoManager ReloadAssembly
Registering precompiled unity dll's ...
Register platform support module: C:/Program Files/Unity/Hub/Editor/2020.2.2f1/Editor/Data/PlaybackEngines/WebGLSupport/UnityEditor.WebGL.Extensions.dll
Register platform support module: C:/Program Files/Unity/Hub/Editor/2020.2.2f1/Editor/Data/PlaybackEngines/WindowsStandaloneSupport/UnityEditor.WindowsStandalone.Extensions.dll
Registered in 0.001857 seconds.
Native extension for WindowsStandalone target not found
Native extension for WebGL target not found
Refreshing native plugins compatible for Editor in 30.76 ms, found 0 plugins.
Preloading 0 native plugins for Editor in 0.00 ms.
Invoked RoslynAnalysisRunner static constructor.
RoslynAnalysisRunner will not be running.
RoslynAnalysisRunner has terminated.
Mono: successfully reloaded assembly
- Completed reload, in  0.894 seconds
Platform modules already initialized, skipping
Registering precompiled user dll's ...
Registered in 0.000535 seconds.
Begin MonoManager ReloadAssembly
Native extension for WindowsStandalone target not found
Native extension for WebGL target not found
Refreshing native plugins compatible for Editor in 0.37 ms, found 0 plugins.
Preloading 0 native plugins for Editor in 0.00 ms.
Invoked RoslynAnalysisRunner static constructor.
RoslynAnalysisRunner will not be running.
RoslynAnalysisRunner has terminated.
Mono: successfully reloaded assembly
- Completed reload, in  0.715 seconds
Platform modules already initialized, skipping
========================================================================
Worker process is ready to serve import requests
Launched and connected shader compiler UnityShaderCompiler.exe after 0.05 seconds
Refreshing native plugins compatible for Editor in 0.39 ms, found 0 plugins.
Preloading 0 native plugins for Editor in 0.00 ms.
Unloading 1563 Unused Serialized files (Serialized files now loaded: 0)
System memory in use before: 150.6 MB.
System memory in use after: 150.6 MB.

Unloading 72 unused Assets to reduce memory usage. Loaded Objects now: 2005.
Total: 2.168100 ms (FindLiveObjects: 0.208500 ms CreateObjectMapping: 0.043400 ms MarkObjects: 1.726000 ms  DeleteObjects: 0.189200 ms)

========================================================================
Received Import Request.
  path: Assets/Scripts/Source.cs
  artifactKey: Guid(e2e1fe1ae2278034eb71cc4acdc6fb3a) Importer(815301076,1909f56bfc062723c751e8b465ee728b)
Start importing Assets/Scripts/Source.cs using Guid(e2e1fe1ae2278034eb71cc4acdc6fb3a) Importer(815301076,1909f56bfc062723c751e8b465ee728b)  -> (artifact id: 'e8704bd0e67f8abf324546b5d169bb3a') in 0.020297 seconds
  Import took 0.022870 seconds .

========================================================================
Received Import Request.
  Time since last request: 1.985329 seconds.
  path: Assets/Scripts/PlayerController.cs
  artifactKey: Guid(717d1617f1376024896ecb76f1cb0d22) Importer(815301076,1909f56bfc062723c751e8b465ee728b)
Start importing Assets/Scripts/PlayerController.cs using Guid(717d1617f1376024896ecb76f1cb0d22) Importer(815301076,1909f56bfc062723c751e8b465ee728b)  -> (artifact id: '336b73e76bb3dad4f4b0eee627aa0da3') in 0.005370 seconds
  Import took 0.007975 seconds .

========================================================================
Received Import Request.
  Time since last request: 0.001704 seconds.
  path: Assets/Scripts/PlayerController.cs
  artifactKey: Guid(717d1617f1376024896ecb76f1cb0d22) Importer(815301076,1909f56bfc062723c751e8b465ee728b)
Start importing Assets/Scripts/PlayerController.cs using Guid(717d1617f1376024896ecb76f1cb0d22) Importer(815301076,1909f56bfc062723c751e8b465ee728b)  -> (artifact id: '336b73e76bb3dad4f4b0eee627aa0da3') in 0.001749 seconds
  Import took 0.003851 seconds .

========================================================================
Received Import Request.
  Time since last request: 26.333677 seconds.
  path: Assets/Scripts/PlayerController.cs
  artifactKey: Guid(717d1617f1376024896ecb76f1cb0d22) Importer(815301076,1909f56bfc062723c751e8b465ee728b)
Start importing Assets/Scripts/PlayerController.cs using Guid(717d1617f1376024896ecb76f1cb0d22) Importer(815301076,1909f56bfc062723c751e8b465ee728b)  -> (artifact id: '13c81d05348b5d9628007374c8c37a75') in 0.002167 seconds
  Import took 0.005054 seconds .

========================================================================
Received Import Request.
  Time since last request: 0.001061 seconds.
  path: Assets/Scripts/PlayerController.cs
  artifactKey: Guid(717d1617f1376024896ecb76f1cb0d22) Importer(815301076,1909f56bfc062723c751e8b465ee728b)
Start importing Assets/Scripts/PlayerController.cs using Guid(717d1617f1376024896ecb76f1cb0d22) Importer(815301076,1909f56bfc062723c751e8b465ee728b)  -> (artifact id: '13c81d05348b5d9628007374c8c37a75') in 0.001856 seconds
  Import took 0.004472 seconds .

========================================================================
Received Prepare
Registering precompiled user dll's ...
Registered in 0.000708 seconds.
Begin MonoManager ReloadAssembly
Native extension for WindowsStandalone target not found
Native extension for WebGL target not found
Refreshing native plugins compatible for Editor in 0.39 ms, found 0 plugins.
Preloading 0 native plugins for Editor in 0.00 ms.
Warning: Annotation not found!
UnityEngine.StackTraceUtility:ExtractStackTrace ()
UnityEditor.ProBuilder.EditorUtility:SetGizmoIconEnabled (System.Type,bool) (at Library/PackageCache/com.unity.probuilder@4.4.0/Editor/EditorCore/EditorUtility.cs:593)
UnityEditor.ProBuilder.HierarchyListener:.cctor () (at Library/PackageCache/com.unity.probuilder@4.4.0/Editor/EditorCore/HierarchyListener.cs:21)
System.Runtime.CompilerServices.RuntimeHelpers:RunClassConstructor (System.RuntimeTypeHandle)
UnityEditor.EditorAssemblies:ProcessInitializeOnLoadAttributes (System.Type[])

[Library/PackageCache/com.unity.probuilder@4.4.0/Editor/EditorCore/EditorUtility.cs line 593]

Invoked RoslynAnalysisRunner static constructor.
RoslynAnalysisRunner will not be running.
RoslynAnalysisRunner has terminated.
Mono: successfully reloaded assembly
- Completed reload, in  0.629 seconds
Platform modules already initialized, skipping
Refreshing native plugins compatible for Editor in 0.39 ms, found 0 plugins.
Preloading 0 native plugins for Editor in 0.00 ms.
Unloading 1512 Unused Serialized files (Serialized files now loaded: 0)
System memory in use before: 147.5 MB.
System memory in use after: 147.5 MB.

Unloading 7 unused Assets to reduce memory usage. Loaded Objects now: 2007.
Total: 2.112600 ms (FindLiveObjects: 0.213300 ms CreateObjectMapping: 0.035600 ms MarkObjects: 1.724900 ms  DeleteObjects: 0.137600 ms)

========================================================================
Received Prepare
Registering precompiled user dll's ...
Registered in 0.000713 seconds.
Begin MonoManager ReloadAssembly
Native extension for WindowsStandalone target not found
Native extension for WebGL target not found
Refreshing native plugins compatible for Editor in 0.37 ms, found 0 plugins.
Preloading 0 native plugins for Editor in 0.00 ms.
Warning: Annotation not found!
UnityEngine.StackTraceUtility:ExtractStackTrace ()
UnityEditor.ProBuilder.EditorUtility:SetGizmoIconEnabled (System.Type,bool) (at Library/PackageCache/com.unity.probuilder@4.4.0/Editor/EditorCore/EditorUtility.cs:593)
UnityEditor.ProBuilder.HierarchyListener:.cctor () (at Library/PackageCache/com.unity.probuilder@4.4.0/Editor/EditorCore/HierarchyListener.cs:21)
System.Runtime.CompilerServices.RuntimeHelpers:RunClassConstructor (System.RuntimeTypeHandle)
UnityEditor.EditorAssemblies:ProcessInitializeOnLoadAttributes (System.Type[])

[Library/PackageCache/com.unity.probuilder@4.4.0/Editor/EditorCore/EditorUtility.cs line 593]

Invoked RoslynAnalysisRunner static constructor.
RoslynAnalysisRunner will not be running.
RoslynAnalysisRunner has terminated.
Mono: successfully reloaded assembly
- Completed reload, in  0.625 seconds
Platform modules already initialized, skipping
Refreshing native plugins compatible for Editor in 0.37 ms, found 0 plugins.
Preloading 0 native plugins for Editor in 0.00 ms.
Unloading 1512 Unused Serialized files (Serialized files now loaded: 0)
System memory in use before: 148.5 MB.
System memory in use after: 148.5 MB.

Unloading 7 unused Assets to reduce memory usage. Loaded Objects now: 2009.
Total: 2.016900 ms (FindLiveObjects: 0.179600 ms CreateObjectMapping: 0.040100 ms MarkObjects: 1.688100 ms  DeleteObjects: 0.108500 ms)

========================================================================
Received Import Request.
  Time since last request: 203.093415 seconds.
  path: Assets/Prefab/Sources/Source_Object_BLUE.prefab
  artifactKey: Guid(868826075815493459983ba43b24a880) Importer(815301076,1909f56bfc062723c751e8b465ee728b)
Start importing Assets/Prefab/Sources/Source_Object_BLUE.prefab using Guid(868826075815493459983ba43b24a880) Importer(815301076,1909f56bfc062723c751e8b465ee728b)  -> (artifact id: '8e56d792b468b72c33ae19a1b7aa7b5c') in 0.068932 seconds
  Import took 0.071842 seconds .

========================================================================
Received Import Request.
  Time since last request: 52.382317 seconds.
  path: Assets/Prefab/Sources/Source_Object_BLUE.prefab
  artifactKey: Guid(868826075815493459983ba43b24a880) Importer(815301076,1909f56bfc062723c751e8b465ee728b)
Start importing Assets/Prefab/Sources/Source_Object_BLUE.prefab using Guid(868826075815493459983ba43b24a880) Importer(815301076,1909f56bfc062723c751e8b465ee728b)  -> (artifact id: '33c3515678bcd620653c3e1c751b26fc') in 0.013989 seconds
  Import took 0.017027 seconds .

========================================================================
Received Prepare
Registering precompiled user dll's ...
Registered in 0.000757 seconds.
Begin MonoManager ReloadAssembly
Native extension for WindowsStandalone target not found
Native extension for WebGL target not found
Refreshing native plugins compatible for Editor in 0.38 ms, found 0 plugins.
Preloading 0 native plugins for Editor in 0.00 ms.
Warning: Annotation not found!
UnityEngine.StackTraceUtility:ExtractStackTrace ()
UnityEditor.ProBuilder.EditorUtility:SetGizmoIconEnabled (System.Type,bool) (at Library/PackageCache/com.unity.probuilder@4.4.0/Editor/EditorCore/EditorUtility.cs:593)
UnityEditor.ProBuilder.HierarchyListener:.cctor () (at Library/PackageCache/com.unity.probuilder@4.4.0/Editor/EditorCore/HierarchyListener.cs:21)
System.Runtime.CompilerServices.RuntimeHelpers:RunClassConstructor (System.RuntimeTypeHandle)
UnityEditor.EditorAssemblies:ProcessInitializeOnLoadAttributes (System.Type[])

[Library/PackageCache/com.unity.probuilder@4.4.0/Editor/EditorCore/EditorUtility.cs line 593]

Invoked RoslynAnalysisRunner static constructor.
RoslynAnalysisRunner will not be running.
RoslynAnalysisRunner has terminated.
Mono: successfully reloaded assembly
- Completed reload, in  0.623 seconds
Platform modules already initialized, skipping
Refreshing native plugins compatible for Editor in 0.38 ms, found 0 plugins.
Preloading 0 native plugins for Editor in 0.00 ms.
Unloading 1512 Unused Serialized files (Serialized files now loaded: 0)
System memory in use before: 151.3 MB.
System memory in use after: 151.3 MB.

Unloading 7 unused Assets to reduce memory usage. Loaded Objects now: 2018.
Total: 2.029900 ms (FindLiveObjects: 0.194900 ms CreateObjectMapping: 0.033300 ms MarkObjects: 1.687200 ms  DeleteObjects: 0.113500 ms)

========================================================================
Received Import Request.
  Time since last request: 97.389252 seconds.
  path: Assets/Prefab/Sources/Source_Object_BLUE.prefab
  artifactKey: Guid(868826075815493459983ba43b24a880) Importer(815301076,1909f56bfc062723c751e8b465ee728b)
Start importing Assets/Prefab/Sources/Source_Object_BLUE.prefab using Guid(868826075815493459983ba43b24a880) Importer(815301076,1909f56bfc062723c751e8b465ee728b)  -> (artifact id: '3f173e6f6d99011aff1fe8d5ecfc57ea') in 0.045770 seconds
  Import took 0.048824 seconds .

========================================================================
Received Import Request.
  Time since last request: 4.466287 seconds.
  path: Assets/Prefab/Sources/Source_Object_PINK.prefab
  artifactKey: Guid(32814b4e024020c4784ee9d3ee6d412f) Importer(815301076,1909f56bfc062723c751e8b465ee728b)
Start importing Assets/Prefab/Sources/Source_Object_PINK.prefab using Guid(32814b4e024020c4784ee9d3ee6d412f) Importer(815301076,1909f56bfc062723c751e8b465ee728b)  -> (artifact id: '606c89a5dea07bee9c5b1a4c2518506d') in 0.021028 seconds
  Import took 0.024049 seconds .

========================================================================
Received Import Request.
  Time since last request: 7.186893 seconds.
  path: Assets/Prefab/Sources/Source_Object_WHITE.prefab
  artifactKey: Guid(7c7dde723e1545d44bd3d47dccad878e) Importer(815301076,1909f56bfc062723c751e8b465ee728b)
Start importing Assets/Prefab/Sources/Source_Object_WHITE.prefab using Guid(7c7dde723e1545d44bd3d47dccad878e) Importer(815301076,1909f56bfc062723c751e8b465ee728b)  -> (artifact id: 'f407dbefba99a0eacf5226a15221680e') in 0.041049 seconds
  Import took 0.044015 seconds .

========================================================================
Received Import Request.
  Time since last request: 4.847918 seconds.
  path: Assets/Prefab/Sources/Source_Object_YELLOW.prefab
  artifactKey: Guid(0d32ae5038bd20a42b9374039ce47c83) Importer(815301076,1909f56bfc062723c751e8b465ee728b)
Start importing Assets/Prefab/Sources/Source_Object_YELLOW.prefab using Guid(0d32ae5038bd20a42b9374039ce47c83) Importer(815301076,1909f56bfc062723c751e8b465ee728b)  -> (artifact id: '541799df9a5c47d531667baa0bbbded9') in 0.016111 seconds
  Import took 0.019214 seconds .

========================================================================
Received Prepare
Registering precompiled user dll's ...
Registered in 0.000776 seconds.
Begin MonoManager ReloadAssembly
Native extension for WindowsStandalone target not found
Native extension for WebGL target not found
Refreshing native plugins compatible for Editor in 0.37 ms, found 0 plugins.
Preloading 0 native plugins for Editor in 0.00 ms.
Warning: Annotation not found!
UnityEngine.StackTraceUtility:ExtractStackTrace ()
UnityEditor.ProBuilder.EditorUtility:SetGizmoIconEnabled (System.Type,bool) (at Library/PackageCache/com.unity.probuilder@4.4.0/Editor/EditorCore/EditorUtility.cs:593)
UnityEditor.ProBuilder.HierarchyListener:.cctor () (at Library/PackageCache/com.unity.probuilder@4.4.0/Editor/EditorCore/HierarchyListener.cs:21)
System.Runtime.CompilerServices.RuntimeHelpers:RunClassConstructor (System.RuntimeTypeHandle)
UnityEditor.EditorAssemblies:ProcessInitializeOnLoadAttributes (System.Type[])

[Library/PackageCache/com.unity.probuilder@4.4.0/Editor/EditorCore/EditorUtility.cs line 593]

Invoked RoslynAnalysisRunner static constructor.
RoslynAnalysisRunner will not be running.
RoslynAnalysisRunner has terminated.
Mono: successfully reloaded assembly
- Completed reload, in  0.626 seconds
Platform modules already initialized, skipping
Refreshing native plugins compatible for Editor in 0.38 ms, found 0 plugins.
Preloading 0 native plugins for Editor in 0.00 ms.
Unloading 1512 Unused Serialized files (Serialized files now loaded: 0)
System memory in use before: 151.3 MB.
System memory in use after: 151.3 MB.

Unloading 7 unused Assets to reduce memory usage. Loaded Objects now: 2021.
Total: 2.051300 ms (FindLiveObjects: 0.188500 ms CreateObjectMapping: 0.035500 ms MarkObjects: 1.715600 ms  DeleteObjects: 0.110700 ms)

========================================================================
Received Import Request.
  Time since last request: 69.859192 seconds.
  path: Assets/Prefab/Sources/Source_Object_PINK.prefab
  artifactKey: Guid(32814b4e024020c4784ee9d3ee6d412f) Importer(815301076,1909f56bfc062723c751e8b465ee728b)
Start importing Assets/Prefab/Sources/Source_Object_PINK.prefab using Guid(32814b4e024020c4784ee9d3ee6d412f) Importer(815301076,1909f56bfc062723c751e8b465ee728b)  -> (artifact id: 'fe4de94b5c2ee45e54b9c866504103c0') in 0.046859 seconds
  Import took 0.049774 seconds .

========================================================================
Received Prepare
Registering precompiled user dll's ...
Registered in 0.000682 seconds.
Begin MonoManager ReloadAssembly
Native extension for WindowsStandalone target not found
Native extension for WebGL target not found
Refreshing native plugins compatible for Editor in 0.39 ms, found 0 plugins.
Preloading 0 native plugins for Editor in 0.00 ms.
Warning: Annotation not found!
UnityEngine.StackTraceUtility:ExtractStackTrace ()
UnityEditor.ProBuilder.EditorUtility:SetGizmoIconEnabled (System.Type,bool) (at Library/PackageCache/com.unity.probuilder@4.4.0/Editor/EditorCore/EditorUtility.cs:593)
UnityEditor.ProBuilder.HierarchyListener:.cctor () (at Library/PackageCache/com.unity.probuilder@4.4.0/Editor/EditorCore/HierarchyListener.cs:21)
System.Runtime.CompilerServices.RuntimeHelpers:RunClassConstructor (System.RuntimeTypeHandle)
UnityEditor.EditorAssemblies:ProcessInitializeOnLoadAttributes (System.Type[])

[Library/PackageCache/com.unity.probuilder@4.4.0/Editor/EditorCore/EditorUtility.cs line 593]

Invoked RoslynAnalysisRunner static constructor.
RoslynAnalysisRunner will not be running.
RoslynAnalysisRunner has terminated.
Mono: successfully reloaded assembly
- Completed reload, in  0.628 seconds
Platform modules already initialized, skipping
Refreshing native plugins compatible for Editor in 0.38 ms, found 0 plugins.
Preloading 0 native plugins for Editor in 0.00 ms.
Unloading 1512 Unused Serialized files (Serialized files now loaded: 0)
System memory in use before: 151.2 MB.
System memory in use after: 151.2 MB.

Unloading 7 unused Assets to reduce memory usage. Loaded Objects now: 2024.
Total: 1.965900 ms (FindLiveObjects: 0.171300 ms CreateObjectMapping: 0.034600 ms MarkObjects: 1.635700 ms  DeleteObjects: 0.123100 ms)

========================================================================
Received Import Request.
  Time since last request: 472.413700 seconds.
  path: Assets/Prefab/Blocks/Yellow/SeeThruYellowBlock.prefab
  artifactKey: Guid(e4239dd15ade19448b7d6e21e2e8f640) Importer(815301076,1909f56bfc062723c751e8b465ee728b)
Start importing Assets/Prefab/Blocks/Yellow/SeeThruYellowBlock.prefab using Guid(e4239dd15ade19448b7d6e21e2e8f640) Importer(815301076,1909f56bfc062723c751e8b465ee728b)  -> (artifact id: '6bc631b35e4542c47101875d3dcbe047') in 0.045731 seconds
  Import took 0.048927 seconds .

========================================================================
Received Import Request.
  Time since last request: 7.786632 seconds.
  path: Assets/Prefab/Blocks/Blue/SeeThruBlueBlock.prefab
  artifactKey: Guid(4c23a0220b02edd499a147788ee542a0) Importer(815301076,1909f56bfc062723c751e8b465ee728b)
Start importing Assets/Prefab/Blocks/Blue/SeeThruBlueBlock.prefab using Guid(4c23a0220b02edd499a147788ee542a0) Importer(815301076,1909f56bfc062723c751e8b465ee728b)  -> (artifact id: '5463a3b218639ef799a36ccd2401ede0') in 0.009432 seconds
  Import took 0.012342 seconds .

========================================================================
Received Import Request.
  Time since last request: 2084.521908 seconds.
  path: ProjectSettings/TagManager.asset
  artifactKey: Guid(00000000000000003000000000000000) Importer(815301076,1909f56bfc062723c751e8b465ee728b)
Start importing ProjectSettings/TagManager.asset using Guid(00000000000000003000000000000000) Importer(815301076,1909f56bfc062723c751e8b465ee728b)  -> (artifact id: '224179d4f95a5c4f613f919285d538bc') in 0.009452 seconds
  Import took 0.014371 seconds .

========================================================================
Received Import Request.
  Time since last request: 1104.628920 seconds.
  path: Assets/Prefab/Sources/Source_Object_WHITE.prefab
  artifactKey: Guid(7c7dde723e1545d44bd3d47dccad878e) Importer(815301076,1909f56bfc062723c751e8b465ee728b)
Start importing Assets/Prefab/Sources/Source_Object_WHITE.prefab using Guid(7c7dde723e1545d44bd3d47dccad878e) Importer(815301076,1909f56bfc062723c751e8b465ee728b)  -> (artifact id: '53a0ce47fa9a636f91f1e78d69f8df92') in 0.031372 seconds
  Import took 0.034763 seconds .

AssetImportWorkerClient::OnTransportError - code=2 error=End of file
